10:40:22 INFO  : Registering command handlers for SDK TCF services
10:40:23 INFO  : Launching XSCT server: xsct.bat -interactive D:\Dropbox\Projects\NatPract-NMR\trunk\HDL\pulsed_nmr.sdk\temp_xsdb_launch_script.tcl
10:40:29 INFO  : XSCT server has started successfully.
10:40:33 INFO  : Successfully done setting XSCT server connection channel  
10:40:33 INFO  : Successfully done setting SDK workspace  
10:40:33 INFO  : Processing command line option -hwspec D:/Dropbox/Projects/NatPract-NMR/trunk/HDL/pulsed_nmr.sdk/system_wrapper.hdf.
11:10:29 INFO  : System reset is completed.
11:10:31 INFO  : FPGA configured successfully with bitstream "D:/Dropbox/Projects/NatPract-NMR/trunk/HDL/pulsed_nmr.sdk/system_wrapper_hw_platform_0/system_wrapper.bit"
11:10:31 INFO  : ps7_init is completed.
11:10:31 INFO  : ps7_post_config is completed.
11:12:19 INFO  : Time out for XMD transaction is 60000
If you want to increase the timeout value, goto Windows-> Preferences -> Xilinx SDK -> XMD Startup
11:12:19 ERROR : Timeout occured while waiting to get reply for command "xreset 64"
11:12:19 ERROR : Unexpected error while launching program.
java.lang.RuntimeException: 
	at com.xilinx.sdk.targetmanager.internal.TM.doSystemReset(TM.java:988)
	at com.xilinx.sdk.debug.core.XilinxAppLaunchConfigurationDelegate.runTargetSetup(XilinxAppLaunchConfigurationDelegate.java:469)
	at com.xilinx.sdk.debug.core.XilinxAppLaunchConfigurationDelegate.runApplication(XilinxAppLaunchConfigurationDelegate.java:616)
	at com.xilinx.sdk.debug.core.XilinxAppLaunchConfigurationDelegate.launch(XilinxAppLaunchConfigurationDelegate.java:309)
	at com.xilinx.sdk.debug.ui.XilinxAppLaunchDelegateWrapper.launch(XilinxAppLaunchDelegateWrapper.java:31)
	at org.eclipse.debug.internal.core.LaunchConfiguration.launch(LaunchConfiguration.java:885)
	at org.eclipse.debug.internal.core.LaunchConfiguration.launch(LaunchConfiguration.java:739)
	at org.eclipse.debug.internal.ui.DebugUIPlugin.buildAndLaunch(DebugUIPlugin.java:1039)
	at org.eclipse.debug.internal.ui.DebugUIPlugin$8.run(DebugUIPlugin.java:1256)
	at org.eclipse.core.internal.jobs.Worker.run(Worker.java:55)
11:13:19 INFO  : Time out for XMD transaction is 60000
If you want to increase the timeout value, goto Windows-> Preferences -> Xilinx SDK -> XMD Startup
11:13:19 ERROR : Timeout occured while waiting to get reply for command "xdisconnect 64"
11:13:19 ERROR : Disconnect target failed.
11:13:42 INFO  : Connected to target on host '127.0.0.1' and port '3121'.
11:14:25 INFO  : Time out for XMD transaction is 60000
If you want to increase the timeout value, goto Windows-> Preferences -> Xilinx SDK -> XMD Startup
11:14:25 ERROR : Timeout occured while waiting to get reply for command "source D:/Dropbox/Projects/NatPract-NMR/trunk/HDL/pulsed_nmr.sdk/system_wrapper_hw_platform_0/ps7_init.tcl"
11:14:25 ERROR : Unexpected error while launching program.
java.lang.RuntimeException: Error while sourcing D:/Dropbox/Projects/NatPract-NMR/trunk/HDL/pulsed_nmr.sdk/system_wrapper_hw_platform_0/ps7_init.tcl : 
	at com.xilinx.sdk.targetmanager.internal.TM.sourceTcl(TM.java:1021)
	at com.xilinx.sdk.debug.core.XilinxAppLaunchConfigurationDelegate.runTargetSetup(XilinxAppLaunchConfigurationDelegate.java:441)
	at com.xilinx.sdk.debug.core.XilinxAppLaunchConfigurationDelegate.runApplication(XilinxAppLaunchConfigurationDelegate.java:616)
	at com.xilinx.sdk.debug.core.XilinxAppLaunchConfigurationDelegate.launch(XilinxAppLaunchConfigurationDelegate.java:309)
	at com.xilinx.sdk.debug.ui.XilinxAppLaunchDelegateWrapper.launch(XilinxAppLaunchDelegateWrapper.java:31)
	at org.eclipse.debug.internal.core.LaunchConfiguration.launch(LaunchConfiguration.java:885)
	at org.eclipse.debug.internal.core.LaunchConfiguration.launch(LaunchConfiguration.java:739)
	at org.eclipse.debug.internal.ui.DebugUIPlugin.buildAndLaunch(DebugUIPlugin.java:1039)
	at org.eclipse.debug.internal.ui.DebugUIPlugin$8.run(DebugUIPlugin.java:1256)
	at org.eclipse.core.internal.jobs.Worker.run(Worker.java:55)
11:15:25 INFO  : Time out for XMD transaction is 60000
If you want to increase the timeout value, goto Windows-> Preferences -> Xilinx SDK -> XMD Startup
11:15:25 ERROR : Timeout occured while waiting to get reply for command "xdisconnect 64"
11:15:25 ERROR : Disconnect target failed.
11:41:25 INFO  : Time out for XMD transaction is 60000
If you want to increase the timeout value, goto Windows-> Preferences -> Xilinx SDK -> XMD Startup
11:41:25 ERROR : Timeout occured while waiting to get reply for command "xdisconnect 64"
11:41:25 ERROR : Disconnect target failed.
11:41:25 ERROR : Unable to disconnect from existing targets
java.lang.RuntimeException: 
	at com.xilinx.sdk.targetmanager.internal.TM.disconnectTarget(TM.java:329)
	at com.xilinx.sdk.targetmanager.internal.TM.disconnectExistingTargets(TM.java:308)
	at com.xilinx.sdk.targetmanager.internal.TM.terminate(TM.java:212)
	at com.xilinx.sdk.targetmanager.TMPlugin.stop(TMPlugin.java:58)
	at org.eclipse.osgi.internal.framework.BundleContextImpl$4.run(BundleContextImpl.java:827)
	at org.eclipse.osgi.internal.framework.BundleContextImpl$4.run(BundleContextImpl.java:1)
	at java.security.AccessController.doPrivileged(Native Method)
	at org.eclipse.osgi.internal.framework.BundleContextImpl.stop(BundleContextImpl.java:820)
	at org.eclipse.osgi.internal.framework.EquinoxBundle.stopWorker0(EquinoxBundle.java:955)
	at org.eclipse.osgi.internal.framework.EquinoxBundle$EquinoxModule.stopWorker(EquinoxBundle.java:323)
	at org.eclipse.osgi.container.Module.doStop(Module.java:626)
	at org.eclipse.osgi.container.Module.stop(Module.java:488)
	at org.eclipse.osgi.container.ModuleContainer$ContainerStartLevel.decStartLevel(ModuleContainer.java:1623)
	at org.eclipse.osgi.container.ModuleContainer$ContainerStartLevel.doContainerStartLevel(ModuleContainer.java:1542)
	at org.eclipse.osgi.container.SystemModule.stopWorker(SystemModule.java:248)
	at org.eclipse.osgi.internal.framework.EquinoxBundle$SystemBundle$EquinoxSystemModule.stopWorker(EquinoxBundle.java:144)
	at org.eclipse.osgi.container.Module.doStop(Module.java:626)
	at org.eclipse.osgi.container.Module.stop(Module.java:488)
	at org.eclipse.osgi.container.SystemModule.stop(SystemModule.java:186)
	at org.eclipse.osgi.internal.framework.EquinoxBundle$SystemBundle$EquinoxSystemModule$1.run(EquinoxBundle.java:159)
	at java.lang.Thread.run(Thread.java:745)
11:52:44 INFO  : Registering command handlers for SDK TCF services
11:52:44 INFO  : Launching XSCT server: xsct.bat -interactive D:\Dropbox\Projects\NatPract-NMR\trunk\HDL\pulsed_nmr.sdk\temp_xsdb_launch_script.tcl
11:52:45 INFO  : XSCT server has started successfully.
11:52:45 INFO  : Successfully done setting XSCT server connection channel  
11:52:45 INFO  : Successfully done setting SDK workspace  
11:52:45 INFO  : Processing command line option -hwspec D:/Dropbox/Projects/NatPract-NMR/trunk/HDL/pulsed_nmr.sdk/system_wrapper.hdf.
11:52:45 INFO  : Checking for hwspec changes in the project system_wrapper_hw_platform_0.
11:52:52 WARN  : Unable to obtain port 2350 for use by XMD, java.net.SocketException: Unrecognized Windows Sockets error: 0: JVM_Bind
11:53:12 INFO  : Connected to target on host '127.0.0.1' and port '3121'.
11:53:56 INFO  : Time out for XMD transaction is 60000
If you want to increase the timeout value, goto Windows-> Preferences -> Xilinx SDK -> XMD Startup
11:53:56 ERROR : Timeout occured while waiting to get reply for command "xconnect arm hw -cable type xilinx_tcf url TCP:127.0.0.1:3121 -debugdevice cpunr 1"
11:53:56 ERROR : Unexpected error while launching program.
com.xilinx.sdk.targetmanager.TMException: 
	at com.xilinx.sdk.targetmanager.internal.TM.connectToProcessor(TM.java:484)
	at com.xilinx.sdk.debug.core.XilinxAppLaunchConfigurationDelegate.runTargetSetup(XilinxAppLaunchConfigurationDelegate.java:464)
	at com.xilinx.sdk.debug.core.XilinxAppLaunchConfigurationDelegate.runApplication(XilinxAppLaunchConfigurationDelegate.java:616)
	at com.xilinx.sdk.debug.core.XilinxAppLaunchConfigurationDelegate.launch(XilinxAppLaunchConfigurationDelegate.java:309)
	at com.xilinx.sdk.debug.ui.XilinxAppLaunchDelegateWrapper.launch(XilinxAppLaunchDelegateWrapper.java:31)
	at org.eclipse.debug.internal.core.LaunchConfiguration.launch(LaunchConfiguration.java:885)
	at org.eclipse.debug.internal.core.LaunchConfiguration.launch(LaunchConfiguration.java:739)
	at org.eclipse.debug.internal.ui.DebugUIPlugin.buildAndLaunch(DebugUIPlugin.java:1039)
	at org.eclipse.debug.internal.ui.DebugUIPlugin$8.run(DebugUIPlugin.java:1256)
	at org.eclipse.core.internal.jobs.Worker.run(Worker.java:55)
12:37:41 INFO  : Registering command handlers for SDK TCF services
12:37:43 INFO  : Launching XSCT server: xsct.bat -interactive D:\Dropbox\Projects\NatPract-NMR\trunk\HDL\pulsed_nmr.sdk\temp_xsdb_launch_script.tcl
12:37:53 INFO  : XSCT server has started successfully.
12:37:53 INFO  : Successfully done setting XSCT server connection channel  
12:37:55 INFO  : Successfully done setting SDK workspace  
12:37:56 INFO  : Processing command line option -hwspec D:/Dropbox/Projects/NatPract-NMR/trunk/HDL/pulsed_nmr.sdk/system_wrapper.hdf.
12:37:56 INFO  : Checking for hwspec changes in the project system_wrapper_hw_platform_0.
12:38:08 INFO  : System reset is completed.
12:38:09 ERROR : FPGA Configuration failed.Failed to download the bit file

    Failed to configure device 2 (xc7z020) with bitstream D:/Dropbox/Projects/NatPract-NMR/trunk/HDL/pulsed_nmr.sdk/system_wrapper_hw_platform_0/system_wrapper.bit
    Reason: Bitfile is incompatible for this device.


12:38:09 ERROR : Exception occured while running Program FPGA.
java.lang.RuntimeException: Failed to download the bit file

    Failed to configure device 2 (xc7z020) with bitstream D:/Dropbox/Projects/NatPract-NMR/trunk/HDL/pulsed_nmr.sdk/system_wrapper_hw_platform_0/system_wrapper.bit
    Reason: Bitfile is incompatible for this device.


12:38:09 ERROR : Unexpected error while launching program.
java.lang.RuntimeException: Failed to download the bit file

    Failed to configure device 2 (xc7z020) with bitstream D:/Dropbox/Projects/NatPract-NMR/trunk/HDL/pulsed_nmr.sdk/system_wrapper_hw_platform_0/system_wrapper.bit
    Reason: Bitfile is incompatible for this device.


	at com.xilinx.sdk.debug.core.XilinxAppLaunchConfigurationDelegate.runTargetSetup(XilinxAppLaunchConfigurationDelegate.java:486)
	at com.xilinx.sdk.debug.core.XilinxAppLaunchConfigurationDelegate.runApplication(XilinxAppLaunchConfigurationDelegate.java:616)
	at com.xilinx.sdk.debug.core.XilinxAppLaunchConfigurationDelegate.launch(XilinxAppLaunchConfigurationDelegate.java:309)
	at com.xilinx.sdk.debug.ui.XilinxAppLaunchDelegateWrapper.launch(XilinxAppLaunchDelegateWrapper.java:31)
	at org.eclipse.debug.internal.core.LaunchConfiguration.launch(LaunchConfiguration.java:885)
	at org.eclipse.debug.internal.core.LaunchConfiguration.launch(LaunchConfiguration.java:739)
	at org.eclipse.debug.internal.ui.DebugUIPlugin.buildAndLaunch(DebugUIPlugin.java:1039)
	at org.eclipse.debug.internal.ui.DebugUIPlugin$8.run(DebugUIPlugin.java:1256)
	at org.eclipse.core.internal.jobs.Worker.run(Worker.java:55)
12:38:27 INFO  : Connected to target on host '127.0.0.1' and port '3121'.
12:38:47 INFO  : System reset is completed.
12:38:48 ERROR : FPGA Configuration failed.Failed to download the bit file

    Failed to configure device 2 (xc7z020) with bitstream D:/Dropbox/Projects/NatPract-NMR/trunk/HDL/pulsed_nmr.sdk/system_wrapper_hw_platform_0/system_wrapper.bit
    Reason: Bitfile is incompatible for this device.


12:38:48 ERROR : Exception occured while running Program FPGA.
java.lang.RuntimeException: Failed to download the bit file

    Failed to configure device 2 (xc7z020) with bitstream D:/Dropbox/Projects/NatPract-NMR/trunk/HDL/pulsed_nmr.sdk/system_wrapper_hw_platform_0/system_wrapper.bit
    Reason: Bitfile is incompatible for this device.


12:38:48 ERROR : Unexpected error while launching program.
java.lang.RuntimeException: Failed to download the bit file

    Failed to configure device 2 (xc7z020) with bitstream D:/Dropbox/Projects/NatPract-NMR/trunk/HDL/pulsed_nmr.sdk/system_wrapper_hw_platform_0/system_wrapper.bit
    Reason: Bitfile is incompatible for this device.


	at com.xilinx.sdk.debug.core.XilinxAppLaunchConfigurationDelegate.runTargetSetup(XilinxAppLaunchConfigurationDelegate.java:486)
	at com.xilinx.sdk.debug.core.XilinxAppLaunchConfigurationDelegate.runApplication(XilinxAppLaunchConfigurationDelegate.java:616)
	at com.xilinx.sdk.debug.core.XilinxAppLaunchConfigurationDelegate.launch(XilinxAppLaunchConfigurationDelegate.java:309)
	at com.xilinx.sdk.debug.ui.XilinxAppLaunchDelegateWrapper.launch(XilinxAppLaunchDelegateWrapper.java:31)
	at org.eclipse.debug.internal.core.LaunchConfiguration.launch(LaunchConfiguration.java:885)
	at org.eclipse.debug.internal.core.LaunchConfiguration.launch(LaunchConfiguration.java:739)
	at org.eclipse.debug.internal.ui.DebugUIPlugin.buildAndLaunch(DebugUIPlugin.java:1039)
	at org.eclipse.debug.internal.ui.DebugUIPlugin$8.run(DebugUIPlugin.java:1256)
	at org.eclipse.core.internal.jobs.Worker.run(Worker.java:55)
12:39:37 ERROR : Unexpected error while parsing XMD response ?: com.google.gson.JsonSyntaxException: com.google.gson.stream.MalformedJsonException: invalid number or unquoted string near 
12:41:55 INFO  : Registering command handlers for SDK TCF services
12:41:55 INFO  : Launching XSCT server: xsct.bat -interactive D:\Dropbox\Projects\NatPract-NMR\trunk\HDL\pulsed_nmr.sdk\temp_xsdb_launch_script.tcl
12:41:57 INFO  : XSCT server has started successfully.
12:41:58 INFO  : Successfully done setting XSCT server connection channel  
12:41:58 INFO  : Processing command line option -hwspec D:/Dropbox/Projects/NatPract-NMR/trunk/HDL/pulsed_nmr.sdk/system_wrapper.hdf.
12:41:58 INFO  : Successfully done setting SDK workspace  
12:41:58 INFO  : Checking for hwspec changes in the project system_wrapper_hw_platform_0.
12:43:38 INFO  : System reset is completed.
12:43:39 INFO  : FPGA configured successfully with bitstream "D:/Dropbox/Projects/NatPract-NMR/trunk/HDL/pulsed_nmr.sdk/system_wrapper_hw_platform_0/system_wrapper.bit"
12:43:39 INFO  : ps7_init is completed.
12:43:40 INFO  : ps7_post_config is completed.
12:56:13 ERROR : Unexpected error while parsing XMD response ?: com.google.gson.JsonSyntaxException: com.google.gson.stream.MalformedJsonException: invalid number or unquoted string near 
13:52:47 INFO  : Registering command handlers for SDK TCF services
13:52:48 INFO  : Launching XSCT server: xsct.bat -interactive D:\Dropbox\Projects\NatPract-NMR\trunk\HDL\pulsed_nmr.sdk\temp_xsdb_launch_script.tcl
13:52:55 INFO  : XSCT server has started successfully.
13:52:55 INFO  : Successfully done setting XSCT server connection channel  
13:53:04 INFO  : Successfully done setting SDK workspace  
13:53:04 INFO  : Processing command line option -hwspec D:/Dropbox/Projects/NatPract-NMR/trunk/HDL/pulsed_nmr.sdk/system_wrapper.hdf.
13:53:04 INFO  : Checking for hwspec changes in the project system_wrapper_hw_platform_0.
14:04:34 INFO  : SDK has detected change in the last modified timestamps for source hardware specification file Source:1479301456081,  Project:1479199249603
14:04:34 INFO  : Project system_wrapper_hw_platform_0's source hardware specification located at D:/Dropbox/Projects/NatPract-NMR/trunk/HDL/pulsed_nmr.sdk/system_wrapper.hdf is now different from the local copy.
		 The local copy will be replaced with the source specification and your workspace will be updated.
14:04:39 INFO  : Copied contents of D:/Dropbox/Projects/NatPract-NMR/trunk/HDL/pulsed_nmr.sdk/system_wrapper.hdf into \system_wrapper_hw_platform_0\system.hdf.
14:04:44 INFO  : Synchronizing projects in the workspace with the hardware platform specification changes.
14:04:57 ERROR : (XSDB Server)ERROR: [Hsi 55-1545] Problem running tcl command ::sw_standalone_v6_0::generate : error deleting "D:/Dropbox/Projects/NatPract-NMR/trunk/HDL/pulsed_nmr.sdk/standalone_bsp_0/ps7_cortexa9_0/libsrc/standalone_v6_0/src/arm\cortexa53\32bit\gcc\xil-crt0.S": permission denied
    while executing
"file delete -force $armsrcdir"
    (procedure "::sw_standalone_v6_0::generate" line 259)
    invoked from within
"::sw_standalone_v6_0::generate standalone"
ERROR: [Hsi 55-1442] Error(s) while running TCL procedure generate()

14:04:57 ERROR : (XSDB Server)ERROR: [Hsi 55-1450] Error: running generate_bsp.

14:04:57 ERROR : Failed to call sync_sw_with_hw_change
Reason: ERROR: [Common 17-39] 'hsi::generate_bsp' failed due to earlier errors.

14:04:57 ERROR : Error updating BSP project MSS files.
14:04:58 INFO  : Updating hardware inferred compiler options for TestNMR.
14:04:58 INFO  : Clearing existing target manager status.
14:11:36 INFO  : System reset is completed.
14:11:37 INFO  : FPGA configured successfully with bitstream "D:/Dropbox/Projects/NatPract-NMR/trunk/HDL/pulsed_nmr.sdk/system_wrapper_hw_platform_0/system_wrapper.bit"
14:11:38 INFO  : ps7_init is completed.
14:11:38 INFO  : ps7_post_config is completed.
14:11:38 ERROR : Port COM3 is already in use.
14:12:42 INFO  : System reset is completed.
14:12:44 INFO  : FPGA configured successfully with bitstream "D:/Dropbox/Projects/NatPract-NMR/trunk/HDL/pulsed_nmr.sdk/system_wrapper_hw_platform_0/system_wrapper.bit"
14:12:44 INFO  : ps7_init is completed.
14:12:45 INFO  : ps7_post_config is completed.
14:14:29 INFO  : System reset is completed.
14:14:31 INFO  : FPGA configured successfully with bitstream "D:/Dropbox/Projects/NatPract-NMR/trunk/HDL/pulsed_nmr.sdk/system_wrapper_hw_platform_0/system_wrapper.bit"
14:14:31 INFO  : ps7_init is completed.
14:14:32 INFO  : ps7_post_config is completed.
14:14:32 ERROR : Port COM3 is already in use.
14:40:29 INFO  : SDK has detected change in the last modified timestamps for source hardware specification file Source:1479303547931,  Project:1479301456000
14:40:29 INFO  : Project system_wrapper_hw_platform_0's source hardware specification located at D:/Dropbox/Projects/NatPract-NMR/trunk/HDL/pulsed_nmr.sdk/system_wrapper.hdf is now different from the local copy.
		 The local copy will be replaced with the source specification and your workspace will be updated.
14:40:29 INFO  : Copied contents of D:/Dropbox/Projects/NatPract-NMR/trunk/HDL/pulsed_nmr.sdk/system_wrapper.hdf into \system_wrapper_hw_platform_0\system.hdf.
14:40:33 INFO  : Synchronizing projects in the workspace with the hardware platform specification changes.
14:40:35 INFO  : 
14:40:36 INFO  : Updating hardware inferred compiler options for TestNMR.
14:40:36 INFO  : Clearing existing target manager status.
14:40:36 INFO  : Closing and re-opening the MSS file of ther project standalone_bsp_0
14:40:37 INFO  : Workspace synchronized with the new hardware specification file. Cleaning dependent projects...
14:40:37 WARN  : Linker script will not be updated automatically. Users need to update it manually.
14:43:51 INFO  : System reset is completed.
14:43:52 INFO  : FPGA configured successfully with bitstream "D:/Dropbox/Projects/NatPract-NMR/trunk/HDL/pulsed_nmr.sdk/system_wrapper_hw_platform_0/system_wrapper.bit"
14:43:55 ERROR : Unexpected error while launching program.
java.lang.RuntimeException: Error while running ps7_init method.
Cannot write to target


    AP transaction error (DP CTRL_STAT=0xf0000021)
    Error Address = 0xf8000008


	at com.xilinx.sdk.targetmanager.internal.TM.run_ps7_init(TM.java:1089)
	at com.xilinx.sdk.debug.core.XilinxAppLaunchConfigurationDelegate.runTargetSetup(XilinxAppLaunchConfigurationDelegate.java:514)
	at com.xilinx.sdk.debug.core.XilinxAppLaunchConfigurationDelegate.runApplication(XilinxAppLaunchConfigurationDelegate.java:616)
	at com.xilinx.sdk.debug.core.XilinxAppLaunchConfigurationDelegate.launch(XilinxAppLaunchConfigurationDelegate.java:309)
	at com.xilinx.sdk.debug.ui.XilinxAppLaunchDelegateWrapper.launch(XilinxAppLaunchDelegateWrapper.java:31)
	at org.eclipse.debug.internal.core.LaunchConfiguration.launch(LaunchConfiguration.java:885)
	at org.eclipse.debug.internal.core.LaunchConfiguration.launch(LaunchConfiguration.java:739)
	at org.eclipse.debug.internal.ui.DebugUIPlugin.buildAndLaunch(DebugUIPlugin.java:1039)
	at org.eclipse.debug.internal.ui.DebugUIPlugin$8.run(DebugUIPlugin.java:1256)
	at org.eclipse.core.internal.jobs.Worker.run(Worker.java:55)
14:44:27 INFO  : System reset is completed.
14:44:28 INFO  : FPGA configured successfully with bitstream "D:/Dropbox/Projects/NatPract-NMR/trunk/HDL/pulsed_nmr.sdk/system_wrapper_hw_platform_0/system_wrapper.bit"
14:44:29 INFO  : ps7_init is completed.
14:44:29 INFO  : ps7_post_config is completed.
14:51:32 INFO  : Processor reset is completed for ps7_cortexa9_0
14:51:58 INFO  : Processor reset is completed for ps7_cortexa9_0
14:59:35 INFO  : Processor reset is completed for ps7_cortexa9_0
15:00:07 INFO  : Processor reset is completed for ps7_cortexa9_0
15:00:37 INFO  : Processor reset is completed for ps7_cortexa9_0
15:08:53 INFO  : ps7_cortexa9_0 Processor is in use. Please stop existing Run or Debug sessions before launching.
15:08:55 INFO  : Processor reset is completed for ps7_cortexa9_0
15:11:20 INFO  : ps7_cortexa9_0 Processor is in use. Please stop existing Run or Debug sessions before launching.
15:11:21 INFO  : Processor reset is completed for ps7_cortexa9_0
15:11:43 INFO  : ps7_cortexa9_0 Processor is in use. Please stop existing Run or Debug sessions before launching.
15:11:44 INFO  : Processor reset is completed for ps7_cortexa9_0
15:13:20 INFO  : ps7_cortexa9_0 Processor is in use. Please stop existing Run or Debug sessions before launching.
15:13:22 INFO  : Processor reset is completed for ps7_cortexa9_0
16:37:18 INFO  : SDK has detected change in the last modified timestamps for source hardware specification file Source:1479310476278,  Project:1479303547931
16:37:18 INFO  : Project system_wrapper_hw_platform_0's source hardware specification located at D:/Dropbox/Projects/NatPract-NMR/trunk/HDL/pulsed_nmr.sdk/system_wrapper.hdf is now different from the local copy.
		 The local copy will be replaced with the source specification and your workspace will be updated.
16:37:18 INFO  : Copied contents of D:/Dropbox/Projects/NatPract-NMR/trunk/HDL/pulsed_nmr.sdk/system_wrapper.hdf into \system_wrapper_hw_platform_0\system.hdf.
16:37:22 INFO  : Synchronizing projects in the workspace with the hardware platform specification changes.
16:37:24 INFO  : 
16:37:25 INFO  : Updating hardware inferred compiler options for TestNMR.
16:37:25 INFO  : Clearing existing target manager status.
16:37:25 INFO  : Workspace synchronized with the new hardware specification file. Cleaning dependent projects...
16:37:26 WARN  : Linker script will not be updated automatically. Users need to update it manually.
16:38:26 INFO  : Processor reset is completed for ps7_cortexa9_0
16:38:36 INFO  : ps7_cortexa9_0 Processor is in use. Please stop existing Run or Debug sessions before launching.
16:38:38 INFO  : System reset is completed.
16:38:40 INFO  : FPGA configured successfully with bitstream "D:/Dropbox/Projects/NatPract-NMR/trunk/HDL/pulsed_nmr.sdk/system_wrapper_hw_platform_0/system_wrapper.bit"
16:38:40 INFO  : ps7_init is completed.
16:38:40 INFO  : ps7_post_config is completed.
16:38:56 INFO  : Processor reset is completed for ps7_cortexa9_0
16:39:52 INFO  : ps7_cortexa9_0 Processor is in use. Please stop existing Run or Debug sessions before launching.
16:39:55 INFO  : Processor reset is completed for ps7_cortexa9_0
16:59:00 INFO  : SDK has detected change in the last modified timestamps for source hardware specification file Source:1479311799307,  Project:1479310476278
16:59:00 INFO  : Project system_wrapper_hw_platform_0's source hardware specification located at D:/Dropbox/Projects/NatPract-NMR/trunk/HDL/pulsed_nmr.sdk/system_wrapper.hdf is now different from the local copy.
		 The local copy will be replaced with the source specification and your workspace will be updated.
16:59:00 INFO  : Copied contents of D:/Dropbox/Projects/NatPract-NMR/trunk/HDL/pulsed_nmr.sdk/system_wrapper.hdf into \system_wrapper_hw_platform_0\system.hdf.
16:59:05 INFO  : Synchronizing projects in the workspace with the hardware platform specification changes.
16:59:08 INFO  : 
16:59:08 INFO  : Updating hardware inferred compiler options for TestNMR.
16:59:08 INFO  : Clearing existing target manager status.
16:59:08 INFO  : Workspace synchronized with the new hardware specification file. Cleaning dependent projects...
16:59:09 WARN  : Linker script will not be updated automatically. Users need to update it manually.
16:59:41 INFO  : System reset is completed.
16:59:42 INFO  : FPGA configured successfully with bitstream "D:/Dropbox/Projects/NatPract-NMR/trunk/HDL/pulsed_nmr.sdk/system_wrapper_hw_platform_0/system_wrapper.bit"
16:59:43 INFO  : ps7_init is completed.
16:59:43 INFO  : ps7_post_config is completed.
17:04:59 INFO  : ps7_cortexa9_0 Processor is in use. Please stop existing Run or Debug sessions before launching.
17:05:01 INFO  : System reset is completed.
17:05:02 INFO  : FPGA configured successfully with bitstream "D:/Dropbox/Projects/NatPract-NMR/trunk/HDL/pulsed_nmr.sdk/system_wrapper_hw_platform_0/system_wrapper.bit"
17:05:03 INFO  : ps7_init is completed.
17:05:03 INFO  : ps7_post_config is completed.
17:05:51 INFO  : ps7_cortexa9_0 Processor is in use. Please stop existing Run or Debug sessions before launching.
17:05:54 INFO  : System reset is completed.
17:05:55 INFO  : FPGA configured successfully with bitstream "D:/Dropbox/Projects/NatPract-NMR/trunk/HDL/pulsed_nmr.sdk/system_wrapper_hw_platform_0/system_wrapper.bit"
17:05:56 INFO  : ps7_init is completed.
17:05:56 INFO  : ps7_post_config is completed.
17:06:44 INFO  : ps7_cortexa9_0 Processor is in use. Please stop existing Run or Debug sessions before launching.
17:06:46 INFO  : System reset is completed.
17:06:47 INFO  : FPGA configured successfully with bitstream "D:/Dropbox/Projects/NatPract-NMR/trunk/HDL/pulsed_nmr.sdk/system_wrapper_hw_platform_0/system_wrapper.bit"
17:06:48 INFO  : ps7_init is completed.
17:06:48 INFO  : ps7_post_config is completed.
17:07:47 INFO  : ps7_cortexa9_0 Processor is in use. Please stop existing Run or Debug sessions before launching.
17:07:50 INFO  : System reset is completed.
17:07:51 INFO  : FPGA configured successfully with bitstream "D:/Dropbox/Projects/NatPract-NMR/trunk/HDL/pulsed_nmr.sdk/system_wrapper_hw_platform_0/system_wrapper.bit"
17:07:51 INFO  : ps7_init is completed.
17:07:51 INFO  : ps7_post_config is completed.
17:08:42 INFO  : ps7_cortexa9_0 Processor is in use. Please stop existing Run or Debug sessions before launching.
17:08:46 INFO  : ps7_cortexa9_0 Processor is in use. Please stop existing Run or Debug sessions before launching.
17:08:48 INFO  : System reset is completed.
17:08:49 INFO  : FPGA configured successfully with bitstream "D:/Dropbox/Projects/NatPract-NMR/trunk/HDL/pulsed_nmr.sdk/system_wrapper_hw_platform_0/system_wrapper.bit"
17:08:50 INFO  : ps7_init is completed.
17:08:50 INFO  : ps7_post_config is completed.
17:09:23 INFO  : System reset is completed.
17:09:25 INFO  : FPGA configured successfully with bitstream "D:/Dropbox/Projects/NatPract-NMR/trunk/HDL/pulsed_nmr.sdk/system_wrapper_hw_platform_0/system_wrapper.bit"
17:09:25 INFO  : ps7_init is completed.
17:09:25 INFO  : ps7_post_config is completed.
17:11:50 INFO  : ps7_cortexa9_0 Processor is in use. Please stop existing Run or Debug sessions before launching.
17:12:05 INFO  : ps7_cortexa9_0 Processor is in use. Please stop existing Run or Debug sessions before launching.
17:12:07 INFO  : System reset is completed.
17:12:09 INFO  : FPGA configured successfully with bitstream "D:/Dropbox/Projects/NatPract-NMR/trunk/HDL/pulsed_nmr.sdk/system_wrapper_hw_platform_0/system_wrapper.bit"
17:12:09 INFO  : ps7_init is completed.
17:12:09 INFO  : ps7_post_config is completed.
09:42:51 INFO  : System reset is completed.
09:42:53 INFO  : FPGA configured successfully with bitstream "D:/Dropbox/Projects/NatPract-NMR/trunk/HDL/pulsed_nmr.sdk/system_wrapper_hw_platform_0/system_wrapper.bit"
09:42:53 INFO  : ps7_init is completed.
09:42:53 INFO  : ps7_post_config is completed.
09:43:48 INFO  : Processor reset is completed for ps7_cortexa9_0
10:11:40 INFO  : Processor reset is completed for ps7_cortexa9_0
10:34:39 INFO  : SDK has detected change in the last modified timestamps for source hardware specification file Source:1479375253810,  Project:1479311799307
10:34:39 INFO  : Project system_wrapper_hw_platform_0's source hardware specification located at D:/Dropbox/Projects/NatPract-NMR/trunk/HDL/pulsed_nmr.sdk/system_wrapper.hdf is now different from the local copy.
		 The local copy will be replaced with the source specification and your workspace will be updated.
10:34:39 INFO  : Copied contents of D:/Dropbox/Projects/NatPract-NMR/trunk/HDL/pulsed_nmr.sdk/system_wrapper.hdf into \system_wrapper_hw_platform_0\system.hdf.
10:34:44 INFO  : Synchronizing projects in the workspace with the hardware platform specification changes.
10:34:56 INFO  : 
10:34:56 INFO  : Updating hardware inferred compiler options for TestNMR.
10:34:56 INFO  : Clearing existing target manager status.
10:34:56 INFO  : Workspace synchronized with the new hardware specification file. Cleaning dependent projects...
10:34:57 WARN  : Linker script will not be updated automatically. Users need to update it manually.
11:46:36 INFO  : System reset is completed.
11:46:38 INFO  : FPGA configured successfully with bitstream "D:/Dropbox/Projects/NatPract-NMR/trunk/HDL/pulsed_nmr.sdk/system_wrapper_hw_platform_0/system_wrapper.bit"
11:46:38 INFO  : ps7_init is completed.
11:46:38 INFO  : ps7_post_config is completed.
12:13:48 INFO  : SDK has detected change in the last modified timestamps for source hardware specification file Source:1479381213845,  Project:1479375253810
12:13:48 INFO  : Project system_wrapper_hw_platform_0's source hardware specification located at D:/Dropbox/Projects/NatPract-NMR/trunk/HDL/pulsed_nmr.sdk/system_wrapper.hdf is now different from the local copy.
		 The local copy will be replaced with the source specification and your workspace will be updated.
12:13:48 INFO  : Copied contents of D:/Dropbox/Projects/NatPract-NMR/trunk/HDL/pulsed_nmr.sdk/system_wrapper.hdf into \system_wrapper_hw_platform_0\system.hdf.
12:13:53 INFO  : Synchronizing projects in the workspace with the hardware platform specification changes.
12:13:55 INFO  : 
12:13:56 INFO  : Updating hardware inferred compiler options for TestNMR.
12:13:56 INFO  : Clearing existing target manager status.
12:13:56 INFO  : Workspace synchronized with the new hardware specification file. Cleaning dependent projects...
12:13:56 WARN  : Linker script will not be updated automatically. Users need to update it manually.
12:15:47 INFO  : System reset is completed.
12:15:48 INFO  : FPGA configured successfully with bitstream "D:/Dropbox/Projects/NatPract-NMR/trunk/HDL/pulsed_nmr.sdk/system_wrapper_hw_platform_0/system_wrapper.bit"
12:15:51 ERROR : Unexpected error while launching program.
java.lang.RuntimeException: Error while running ps7_init method.
Cannot write to target


    AP transaction error (DP CTRL_STAT=0xf0000021)
    Error Address = 0xf8000008


	at com.xilinx.sdk.targetmanager.internal.TM.run_ps7_init(TM.java:1089)
	at com.xilinx.sdk.debug.core.XilinxAppLaunchConfigurationDelegate.runTargetSetup(XilinxAppLaunchConfigurationDelegate.java:514)
	at com.xilinx.sdk.debug.core.XilinxAppLaunchConfigurationDelegate.runApplication(XilinxAppLaunchConfigurationDelegate.java:616)
	at com.xilinx.sdk.debug.core.XilinxAppLaunchConfigurationDelegate.launch(XilinxAppLaunchConfigurationDelegate.java:309)
	at com.xilinx.sdk.debug.ui.XilinxAppLaunchDelegateWrapper.launch(XilinxAppLaunchDelegateWrapper.java:31)
	at org.eclipse.debug.internal.core.LaunchConfiguration.launch(LaunchConfiguration.java:885)
	at org.eclipse.debug.internal.core.LaunchConfiguration.launch(LaunchConfiguration.java:739)
	at org.eclipse.debug.internal.ui.DebugUIPlugin.buildAndLaunch(DebugUIPlugin.java:1039)
	at org.eclipse.debug.internal.ui.DebugUIPlugin$8.run(DebugUIPlugin.java:1256)
	at org.eclipse.core.internal.jobs.Worker.run(Worker.java:55)
12:16:06 INFO  : Connected to target on host '127.0.0.1' and port '3121'.
12:16:10 INFO  : 'targets -set -filter {jtag_cable_name =~ "Digilent JTAG-HS2 210249A0658C" && level==0} -index 1' command is executed.
12:16:10 ERROR : Cannot find memory context of target ARM_DAP
12:20:21 INFO  : Time out for XMD transaction is 60000
If you want to increase the timeout value, goto Windows-> Preferences -> Xilinx SDK -> XMD Startup
12:20:21 ERROR : Timeout occured while waiting to get reply for command "xconnect arm hw -cable type xilinx_tcf url TCP:127.0.0.1:3121 -debugdevice cpunr 1"
12:20:21 ERROR : Unexpected error while launching program.
com.xilinx.sdk.targetmanager.TMException: 
	at com.xilinx.sdk.targetmanager.internal.TM.connectToProcessor(TM.java:484)
	at com.xilinx.sdk.debug.core.XilinxAppLaunchConfigurationDelegate.runTargetSetup(XilinxAppLaunchConfigurationDelegate.java:464)
	at com.xilinx.sdk.debug.core.XilinxAppLaunchConfigurationDelegate.runApplication(XilinxAppLaunchConfigurationDelegate.java:616)
	at com.xilinx.sdk.debug.core.XilinxAppLaunchConfigurationDelegate.launch(XilinxAppLaunchConfigurationDelegate.java:309)
	at com.xilinx.sdk.debug.ui.XilinxAppLaunchDelegateWrapper.launch(XilinxAppLaunchDelegateWrapper.java:31)
	at org.eclipse.debug.internal.core.LaunchConfiguration.launch(LaunchConfiguration.java:885)
	at org.eclipse.debug.internal.core.LaunchConfiguration.launch(LaunchConfiguration.java:739)
	at org.eclipse.debug.internal.ui.DebugUIPlugin.buildAndLaunch(DebugUIPlugin.java:1039)
	at org.eclipse.debug.internal.ui.DebugUIPlugin$8.run(DebugUIPlugin.java:1256)
	at org.eclipse.core.internal.jobs.Worker.run(Worker.java:55)
12:20:42 INFO  : Connected to target on host '127.0.0.1' and port '3121'.
12:21:43 INFO  : Registering command handlers for SDK TCF services
12:21:43 INFO  : Launching XSCT server: xsct.bat -interactive D:\Dropbox\Projects\NatPract-NMR\trunk\HDL\pulsed_nmr.sdk\temp_xsdb_launch_script.tcl
12:21:46 INFO  : XSCT server has started successfully.
12:21:46 INFO  : Successfully done setting XSCT server connection channel  
12:21:49 INFO  : Successfully done setting SDK workspace  
12:21:49 INFO  : Processing command line option -hwspec D:/Dropbox/Projects/NatPract-NMR/trunk/HDL/pulsed_nmr.sdk/system_wrapper.hdf.
12:21:49 INFO  : Checking for hwspec changes in the project system_wrapper_hw_platform_0.
12:28:19 WARN  : Unable to obtain port 2350 for use by XMD, java.net.SocketException: Unrecognized Windows Sockets error: 0: JVM_Bind
12:29:00 ERROR : (XSDB Server)no channel specified

12:29:24 INFO  : Time out for XMD transaction is 60000
If you want to increase the timeout value, goto Windows-> Preferences -> Xilinx SDK -> XMD Startup
12:29:24 ERROR : Timeout occured while waiting to get reply for command "xconnect arm hw -cable type xilinx_tcf url TCP:127.0.0.1:3121 -debugdevice cpunr 1"
12:29:24 ERROR : Unexpected error while launching program.
com.xilinx.sdk.targetmanager.TMException: 
	at com.xilinx.sdk.targetmanager.internal.TM.connectToProcessor(TM.java:484)
	at com.xilinx.sdk.debug.core.XilinxAppLaunchConfigurationDelegate.runTargetSetup(XilinxAppLaunchConfigurationDelegate.java:464)
	at com.xilinx.sdk.debug.core.XilinxAppLaunchConfigurationDelegate.runApplication(XilinxAppLaunchConfigurationDelegate.java:616)
	at com.xilinx.sdk.debug.core.XilinxAppLaunchConfigurationDelegate.launch(XilinxAppLaunchConfigurationDelegate.java:309)
	at com.xilinx.sdk.debug.ui.XilinxAppLaunchDelegateWrapper.launch(XilinxAppLaunchDelegateWrapper.java:31)
	at org.eclipse.debug.internal.core.LaunchConfiguration.launch(LaunchConfiguration.java:885)
	at org.eclipse.debug.internal.core.LaunchConfiguration.launch(LaunchConfiguration.java:739)
	at org.eclipse.debug.internal.ui.DebugUIPlugin.buildAndLaunch(DebugUIPlugin.java:1039)
	at org.eclipse.debug.internal.ui.DebugUIPlugin$8.run(DebugUIPlugin.java:1256)
	at org.eclipse.core.internal.jobs.Worker.run(Worker.java:55)
14:38:27 INFO  : Launching XSCT server: xsct.bat -interactive D:\Dropbox\Projects\NatPract-NMR\trunk\HDL\pulsed_nmr.sdk\temp_xsdb_launch_script.tcl
14:38:27 INFO  : Registering command handlers for SDK TCF services
14:38:32 INFO  : XSCT server has started successfully.
14:38:41 INFO  : Successfully done setting XSCT server connection channel  
14:38:41 INFO  : Successfully done setting SDK workspace  
14:38:41 INFO  : Processing command line option -hwspec D:/Dropbox/Projects/NatPract-NMR/trunk/HDL/pulsed_nmr.sdk/system_wrapper.hdf.
14:38:41 INFO  : Checking for hwspec changes in the project system_wrapper_hw_platform_0.
14:39:00 INFO  : System reset is completed.
14:39:01 INFO  : FPGA configured successfully with bitstream "D:/Dropbox/Projects/NatPract-NMR/trunk/HDL/pulsed_nmr.sdk/system_wrapper_hw_platform_0/system_wrapper.bit"
14:39:02 INFO  : ps7_init is completed.
14:39:02 INFO  : ps7_post_config is completed.
14:39:02 ERROR : Port COM3 is already in use.
14:43:00 INFO  : System reset is completed.
14:43:02 INFO  : FPGA configured successfully with bitstream "D:/Dropbox/Projects/NatPract-NMR/trunk/HDL/pulsed_nmr.sdk/system_wrapper_hw_platform_0/system_wrapper.bit"
14:43:02 INFO  : ps7_init is completed.
14:43:02 INFO  : ps7_post_config is completed.
14:43:03 ERROR : Port COM3 is already in use.
14:43:33 INFO  : System reset is completed.
14:43:34 INFO  : FPGA configured successfully with bitstream "D:/Dropbox/Projects/NatPract-NMR/trunk/HDL/pulsed_nmr.sdk/system_wrapper_hw_platform_0/system_wrapper.bit"
14:43:35 INFO  : ps7_init is completed.
14:43:35 INFO  : ps7_post_config is completed.
14:43:44 INFO  : Processor reset is completed for ps7_cortexa9_0
15:56:11 INFO  : SDK has detected change in the last modified timestamps for source hardware specification file Source:1479394477585,  Project:1479381213845
15:56:11 INFO  : Project system_wrapper_hw_platform_0's source hardware specification located at D:/Dropbox/Projects/NatPract-NMR/trunk/HDL/pulsed_nmr.sdk/system_wrapper.hdf is now different from the local copy.
		 The local copy will be replaced with the source specification and your workspace will be updated.
15:56:11 INFO  : Copied contents of D:/Dropbox/Projects/NatPract-NMR/trunk/HDL/pulsed_nmr.sdk/system_wrapper.hdf into \system_wrapper_hw_platform_0\system.hdf.
15:56:16 INFO  : Synchronizing projects in the workspace with the hardware platform specification changes.
15:56:30 INFO  : 
15:56:30 INFO  : Updating hardware inferred compiler options for TestNMR.
15:56:30 INFO  : Clearing existing target manager status.
15:56:30 INFO  : Workspace synchronized with the new hardware specification file. Cleaning dependent projects...
15:56:31 WARN  : Linker script will not be updated automatically. Users need to update it manually.
15:58:07 INFO  : System reset is completed.
15:58:08 INFO  : FPGA configured successfully with bitstream "D:/Dropbox/Projects/NatPract-NMR/trunk/HDL/pulsed_nmr.sdk/system_wrapper_hw_platform_0/system_wrapper.bit"
15:58:09 INFO  : ps7_init is completed.
15:58:09 INFO  : ps7_post_config is completed.
15:59:06 INFO  : ps7_cortexa9_0 Processor is in use. Please stop existing Run or Debug sessions before launching.
15:59:09 INFO  : Processor reset is completed for ps7_cortexa9_0
15:59:30 INFO  : ps7_cortexa9_0 Processor is in use. Please stop existing Run or Debug sessions before launching.
15:59:34 INFO  : ps7_cortexa9_0 Processor is in use. Please stop existing Run or Debug sessions before launching.
15:59:36 INFO  : Processor reset is completed for ps7_cortexa9_0
15:59:50 INFO  : ps7_cortexa9_0 Processor is in use. Please stop existing Run or Debug sessions before launching.
15:59:53 INFO  : Processor reset is completed for ps7_cortexa9_0
17:49:40 INFO  : SDK has detected change in the last modified timestamps for source hardware specification file Source:1479401320315,  Project:1479394477585
17:49:40 INFO  : Project system_wrapper_hw_platform_0's source hardware specification located at D:/Dropbox/Projects/NatPract-NMR/trunk/HDL/pulsed_nmr.sdk/system_wrapper.hdf is now different from the local copy.
		 The local copy will be replaced with the source specification and your workspace will be updated.
17:49:40 INFO  : Copied contents of D:/Dropbox/Projects/NatPract-NMR/trunk/HDL/pulsed_nmr.sdk/system_wrapper.hdf into \system_wrapper_hw_platform_0\system.hdf.
17:49:45 INFO  : Synchronizing projects in the workspace with the hardware platform specification changes.
17:49:47 INFO  : 
17:49:48 INFO  : Updating hardware inferred compiler options for TestNMR.
17:49:48 INFO  : Clearing existing target manager status.
17:49:48 INFO  : Workspace synchronized with the new hardware specification file. Cleaning dependent projects...
17:49:49 WARN  : Linker script will not be updated automatically. Users need to update it manually.
17:50:50 INFO  : System reset is completed.
17:50:51 INFO  : FPGA configured successfully with bitstream "D:/Dropbox/Projects/NatPract-NMR/trunk/HDL/pulsed_nmr.sdk/system_wrapper_hw_platform_0/system_wrapper.bit"
17:50:54 ERROR : Unexpected error while launching program.
java.lang.RuntimeException: Error while running ps7_init method.
Cannot write to target


    AP transaction error (DP CTRL_STAT=0xf0000021)
    Error Address = 0xf8000008


	at com.xilinx.sdk.targetmanager.internal.TM.run_ps7_init(TM.java:1089)
	at com.xilinx.sdk.debug.core.XilinxAppLaunchConfigurationDelegate.runTargetSetup(XilinxAppLaunchConfigurationDelegate.java:514)
	at com.xilinx.sdk.debug.core.XilinxAppLaunchConfigurationDelegate.runApplication(XilinxAppLaunchConfigurationDelegate.java:616)
	at com.xilinx.sdk.debug.core.XilinxAppLaunchConfigurationDelegate.launch(XilinxAppLaunchConfigurationDelegate.java:309)
	at com.xilinx.sdk.debug.ui.XilinxAppLaunchDelegateWrapper.launch(XilinxAppLaunchDelegateWrapper.java:31)
	at org.eclipse.debug.internal.core.LaunchConfiguration.launch(LaunchConfiguration.java:885)
	at org.eclipse.debug.internal.core.LaunchConfiguration.launch(LaunchConfiguration.java:739)
	at org.eclipse.debug.internal.ui.DebugUIPlugin.buildAndLaunch(DebugUIPlugin.java:1039)
	at org.eclipse.debug.internal.ui.DebugUIPlugin$8.run(DebugUIPlugin.java:1256)
	at org.eclipse.core.internal.jobs.Worker.run(Worker.java:55)
17:51:29 INFO  : Connected to target on host '127.0.0.1' and port '3121'.
17:51:32 ERROR : Unexpected error while parsing XMD response ?: com.google.gson.JsonSyntaxException: com.google.gson.stream.MalformedJsonException: invalid number or unquoted string near 
17:52:21 INFO  : Registering command handlers for SDK TCF services
17:52:21 INFO  : Launching XSCT server: xsct.bat -interactive D:\Dropbox\Projects\NatPract-NMR\trunk\HDL\pulsed_nmr.sdk\temp_xsdb_launch_script.tcl
17:52:23 INFO  : XSCT server has started successfully.
17:52:25 INFO  : Successfully done setting XSCT server connection channel  
17:52:25 INFO  : Processing command line option -hwspec D:/Dropbox/Projects/NatPract-NMR/trunk/HDL/pulsed_nmr.sdk/system_wrapper.hdf.
17:52:25 INFO  : Checking for hwspec changes in the project system_wrapper_hw_platform_0.
17:52:25 INFO  : Successfully done setting SDK workspace  
17:53:48 ERROR : Unexpected error while launching program.
java.lang.RuntimeException: Error while running ps7_init method.
Cannot Read from target


    MMU section translation fault

	at com.xilinx.sdk.targetmanager.internal.TM.run_ps7_init(TM.java:1089)
	at com.xilinx.sdk.debug.core.XilinxAppLaunchConfigurationDelegate.runTargetSetup(XilinxAppLaunchConfigurationDelegate.java:514)
	at com.xilinx.sdk.debug.core.XilinxAppLaunchConfigurationDelegate.runApplication(XilinxAppLaunchConfigurationDelegate.java:616)
	at com.xilinx.sdk.debug.core.XilinxAppLaunchConfigurationDelegate.launch(XilinxAppLaunchConfigurationDelegate.java:309)
	at com.xilinx.sdk.debug.ui.XilinxAppLaunchDelegateWrapper.launch(XilinxAppLaunchDelegateWrapper.java:31)
	at org.eclipse.debug.internal.core.LaunchConfiguration.launch(LaunchConfiguration.java:885)
	at org.eclipse.debug.internal.core.LaunchConfiguration.launch(LaunchConfiguration.java:739)
	at org.eclipse.debug.internal.ui.DebugUIPlugin.buildAndLaunch(DebugUIPlugin.java:1039)
	at org.eclipse.debug.internal.ui.DebugUIPlugin$8.run(DebugUIPlugin.java:1256)
	at org.eclipse.core.internal.jobs.Worker.run(Worker.java:55)
17:54:10 INFO  : System reset is completed.
17:54:12 INFO  : FPGA configured successfully with bitstream "D:/Dropbox/Projects/NatPract-NMR/trunk/HDL/pulsed_nmr.sdk/system_wrapper_hw_platform_0/system_wrapper.bit"
17:54:12 INFO  : ps7_init is completed.
17:54:12 INFO  : ps7_post_config is completed.
17:54:13 ERROR : Port COM3 is already in use.
10:26:30 ERROR : Unexpected error while launching program.
java.lang.RuntimeException: Error while running ps7_init method.
Cannot Read from target


    MMU section translation fault

	at com.xilinx.sdk.targetmanager.internal.TM.run_ps7_init(TM.java:1089)
	at com.xilinx.sdk.debug.core.XilinxAppLaunchConfigurationDelegate.runTargetSetup(XilinxAppLaunchConfigurationDelegate.java:514)
	at com.xilinx.sdk.debug.core.XilinxAppLaunchConfigurationDelegate.runApplication(XilinxAppLaunchConfigurationDelegate.java:616)
	at com.xilinx.sdk.debug.core.XilinxAppLaunchConfigurationDelegate.launch(XilinxAppLaunchConfigurationDelegate.java:309)
	at com.xilinx.sdk.debug.ui.XilinxAppLaunchDelegateWrapper.launch(XilinxAppLaunchDelegateWrapper.java:31)
	at org.eclipse.debug.internal.core.LaunchConfiguration.launch(LaunchConfiguration.java:885)
	at org.eclipse.debug.internal.core.LaunchConfiguration.launch(LaunchConfiguration.java:739)
	at org.eclipse.debug.internal.ui.DebugUIPlugin.buildAndLaunch(DebugUIPlugin.java:1039)
	at org.eclipse.debug.internal.ui.DebugUIPlugin$8.run(DebugUIPlugin.java:1256)
	at org.eclipse.core.internal.jobs.Worker.run(Worker.java:55)
10:26:36 ERROR : Unexpected error while parsing XMD response ?: com.google.gson.JsonSyntaxException: com.google.gson.stream.MalformedJsonException: invalid number or unquoted string near 
